
=== Array add ===
Array size	Numpy	Cupy
       100	0.002	0.012
     10000	0.004	0.008
   1000000	0.271	0.033
  10000000	10.224	0.295

=== Array sub ===
Array size	Numpy	Cupy
       100	0.002	0.012
     10000	0.004	0.008
   1000000	0.265	0.032
  10000000	10.215	0.294

=== Array sum ===
Array size	Numpy	Cupy
       100	0.003	0.009
     10000	0.005	0.010
   1000000	0.148	0.022
  10000000	2.683	0.149

=== Array argmax ===
Array size	Numpy	Cupy
       100	0.003	0.024
     10000	0.006	0.021
   1000000	0.318	0.076
  10000000	3.854	0.343

=== Array sort ===
Array size	Numpy	Cupy
       100	0.004	0.090
     10000	0.056	0.080
   1000000	6.590	1.037
  10000000	72.634	10.307

=== Array tensordot ===
Array size	Numpy	Cupy
       100	0.009	0.034
     10000	0.059	4.003
   1000000	204.259	73.166

=== Array matmul ===
Array size	Numpy	Cupy
       100	0.012	0.094
     10000	0.059	0.111
   1000000	1.869	0.472

=== Array einsum ===
Array size	Numpy	Cupy
       100	0.006	0.052
     10000	0.052	0.053
   1000000	13.000	0.168

=== Array transpose ===
Array size	Numpy	Cupy
       100	0.007	0.005
     10000	0.006	0.005
   1000000	0.006	0.005

=== Array sin ===
Array size	Numpy	Cupy
       100	0.004	0.012
     10000	0.045	0.008
   1000000	4.961	0.117

=== Array eigenvalue ===
Array size	Numpy	Cupy
       100	0.016	0.624
     10000	0.898	4.015
   1000000	85.999	46.956

=== Array inv ===
Array size	Numpy	Cupy
       100	0.022	0.140
     10000	0.190	0.670
   1000000	20.883	21.781
